<?xml version="1.0" encoding="UTF-8"?>
<testsuite name="org.embulk.output.ParquetOutputPluginTest" tests="3" skipped="0" failures="0" errors="0" timestamp="2018-05-23T14:58:23" hostname="Angeloss-MBP" time="3.98">
  <properties/>
  <testcase name="checkColumnsRequired" classname="org.embulk.output.ParquetOutputPluginTest" time="0.075"/>
  <testcase name="checkExtraConfigurations" classname="org.embulk.output.ParquetOutputPluginTest" time="0.244"/>
  <testcase name="checkDefaultValues" classname="org.embulk.output.ParquetOutputPluginTest" time="0.007"/>
  <system-out><![CDATA[]]></system-out>
  <system-err><![CDATA[]]></system-err>
</testsuite>
